[debug] [2019-06-27T11:02:38.291Z] ----------------------------------------------------------------------
[debug] [2019-06-27T11:02:38.293Z] Command:       C:\Program Files\nodejs\node.exe C:\Users\shubh\AppData\Roaming\npm\node_modules\firebase-tools\lib\bin\firebase.js init
[debug] [2019-06-27T11:02:38.293Z] CLI Version:   7.0.1
[debug] [2019-06-27T11:02:38.293Z] Platform:      win32
[debug] [2019-06-27T11:02:38.293Z] Node Version:  v10.16.0
[debug] [2019-06-27T11:02:38.294Z] Time:          Thu Jun 27 2019 16:32:38 GMT+0530 (India Standard Time)
[debug] [2019-06-27T11:02:38.294Z] ----------------------------------------------------------------------
[debug] 
[debug] [2019-06-27T11:02:38.302Z] > command requires scopes: ["email","openid","https://www.googleapis.com/auth/cloudplatformprojects.readonly","https://www.googleapis.com/auth/firebase","https://www.googleapis.com/auth/cloud-platform"]
[debug] [2019-06-27T11:02:38.303Z] > authorizing via signed-in user
[info] 
     ######## #### ########  ######## ########     ###     ######  ########
     ##        ##  ##     ## ##       ##     ##  ##   ##  ##       ##
     ######    ##  ########  ######   ########  #########  ######  ######
     ##        ##  ##    ##  ##       ##     ## ##     ##       ## ##
     ##       #### ##     ## ######## ########  ##     ##  ######  ########

You're about to initialize a Firebase project in this directory:

  D:\Work\cric-api

Before we get started, keep in mind:

  * You are initializing in an existing Firebase project directory

[info] 
=== Project Setup
[info] 
[info] First, let's associate this project directory with a Firebase project.
[info] You can create multiple project aliases by running firebase use --add, 
[info] but for now we'll just set up a default project.
[info] 
[info] i  .firebaserc already has a default project, using live-sports-a9899.
[debug] [2019-06-27T11:02:42.323Z] > refreshing access token with scopes: ["email","https://www.googleapis.com/auth/cloud-platform","https://www.googleapis.com/auth/cloudplatformprojects.readonly","https://www.googleapis.com/auth/firebase","openid"]
[debug] [2019-06-27T11:02:42.324Z] >>> HTTP REQUEST POST https://www.googleapis.com/oauth2/v3/token  
 <request body omitted>
[debug] [2019-06-27T11:02:42.593Z] <<< HTTP RESPONSE 200
[debug] [2019-06-27T11:02:42.608Z] >>> HTTP REQUEST GET https://firebase.googleapis.com/v1beta1/projects/live-sports-a9899  
 
[debug] [2019-06-27T11:02:43.173Z] <<< HTTP RESPONSE 200
[info] 
=== Hosting Setup
[info] 
[info] Your public directory is the folder (relative to your project directory) that
[info] will contain Hosting assets to be uploaded with firebase deploy. If you
[info] have a build process for your assets, use your build's output directory.
[info] 
